<?xml version="1.0" encoding="UTF-8"?>
<!-- Generated by org.testng.reporters.JUnitReportReporter -->
<testsuite hostname="DESKTOP-IFQIPFT" failures="0" tests="6" name="com.aadhar.MAadharAppApplicationTestsCode" time="446.031" errors="0" timestamp="2022-10-20T17:10:09 IST" skipped="0">
  <testcase classname="com.aadhar.MAadharAppApplicationTestsCode" name="testing" time="88.658"/>
  <system-out/>
  <testcase classname="com.aadhar.MAadharAppApplicationTestsCode" name="signup" time="58.996"/>
  <system-out/>
  <testcase classname="com.aadhar.MAadharAppApplicationTestsCode" name="signin" time="122.201"/>
  <system-out/>
  <testcase classname="com.aadhar.MAadharAppApplicationTestsCode" name="adminhome" time="37.551"/>
  <system-out/>
  <testcase classname="com.aadhar.MAadharAppApplicationTestsCode" name="userhome" time="95.760"/>
  <system-out/>
  <testcase classname="com.aadhar.MAadharAppApplicationTestsCode" name="loadusers" time="42.865"/>
  <system-out/>
</testsuite> <!-- com.aadhar.MAadharAppApplicationTestsCode -->
